2026-04-16 09:33:39.918 | INFO     | core.test_cases.excel_parser:parse:28 - [ExcelParser] Parsing: assets/templates/test_suite.xlsx | Sheet: TestSuite
2026-04-16 09:33:39.927 | SUCCESS  | core.test_cases.excel_parser:parse:43 - [ExcelParser] Parsed 3 test cases (2 enabled)
2026-04-16 09:33:39.927 | INFO     | core.test_cases.test_case_registry:register_suite:30 - [TestCaseRegistry] Registered suite 'Excel Test Suite' with 3 test cases.
2026-04-16 09:33:39.944 | INFO     | __main__:_run_parallel:144 - [Parallel] Running 2 tests with 2 workers
2026-04-16 09:33:40.775 | DEBUG    | core.drivers.driver_factory:register:22 - [DriverFactory] Registered driver: 'selenium'
2026-04-16 09:33:40.776 | DEBUG    | core.drivers.driver_factory:register:22 - [DriverFactory] Registered driver: 'playwright'
2026-04-16 09:33:40.776 | DEBUG    | core.drivers.driver_factory:register:22 - [DriverFactory] Registered driver: 'selenium'
2026-04-16 09:33:40.777 | DEBUG    | core.drivers.driver_factory:register:22 - [DriverFactory] Registered driver: 'playwright'
2026-04-16 09:33:40.776 | INFO     | core.drivers.driver_factory:get:35 - [DriverFactory] Creating driver: 'playwright'
2026-04-16 09:33:40.777 | INFO     | core.drivers.driver_factory:get:35 - [DriverFactory] Creating driver: 'playwright'
2026-04-16 09:33:40.777 | INFO     | core.drivers.playwright_driver:start:25 - [PlaywrightDriver] Starting chrome | headless=True
2026-04-16 09:33:40.778 | INFO     | core.drivers.playwright_driver:start:25 - [PlaywrightDriver] Starting chrome | headless=True
2026-04-16 09:33:50.933 | SUCCESS  | core.drivers.playwright_driver:start:41 - [PlaywrightDriver] Browser started.
2026-04-16 09:33:50.934 | SUCCESS  | core.drivers.playwright_driver:start:41 - [PlaywrightDriver] Browser started.
2026-04-16 09:33:50.934 | INFO     | core.keywords.keyword_executor:run:97 - 
============================================================
2026-04-16 09:33:50.935 | INFO     | core.keywords.keyword_executor:run:98 -   Running: TC001 - Google_Search_Test
2026-04-16 09:33:50.935 | INFO     | core.keywords.keyword_executor:run:99 - ============================================================
2026-04-16 09:33:50.935 | DEBUG    | core.keywords.keyword_executor:_execute_step:136 -   Step 01 | NAVIGATE | params={'locator': '', 'strategy': 'css', 'value': 'https://www.google.com', 'timeout': 10, 'data_source': '', 'description': ''}
2026-04-16 09:33:50.937 | DEBUG    | core.keywords.keyword_registry:register:55 - [KeywordRegistry] Registered: 'ASSERT_TEXT'
2026-04-16 09:33:50.937 | DEBUG    | core.keywords.keyword_registry:register:55 - [KeywordRegistry] Registered: 'ASSERT_URL'
2026-04-16 09:33:50.937 | DEBUG    | core.keywords.keyword_registry:register:55 - [KeywordRegistry] Registered: 'ASSERT_VISIBLE'
2026-04-16 09:33:50.937 | DEBUG    | core.keywords.keyword_registry:register:55 - [KeywordRegistry] Registered: 'HANDLE_CAPTCHA'
2026-04-16 09:33:50.938 | DEBUG    | core.keywords.keyword_registry:register:55 - [KeywordRegistry] Registered: 'CLEAR'
2026-04-16 09:33:50.939 | DEBUG    | core.keywords.keyword_registry:register:55 - [KeywordRegistry] Registered: 'CLICK'
2026-04-16 09:33:50.939 | DEBUG    | core.keywords.keyword_registry:register:55 - [KeywordRegistry] Registered: 'CLOSE_BROWSER'
2026-04-16 09:33:50.940 | DEBUG    | core.keywords.keyword_registry:register:55 - [KeywordRegistry] Registered: 'GET_TEXT'
2026-04-16 09:33:50.941 | DEBUG    | core.keywords.keyword_registry:register:55 - [KeywordRegistry] Registered: 'HOVER'
2026-04-16 09:33:50.942 | DEBUG    | core.keywords.keyword_registry:register:55 - [KeywordRegistry] Registered: 'NAVIGATE'
2026-04-16 09:33:50.942 | DEBUG    | core.keywords.keyword_registry:register:55 - [KeywordRegistry] Registered: 'HANDLE_OTP'
2026-04-16 09:33:50.943 | DEBUG    | core.keywords.keyword_registry:register:55 - [KeywordRegistry] Registered: 'SCREENSHOT'
2026-04-16 09:33:50.943 | DEBUG    | core.keywords.keyword_registry:register:55 - [KeywordRegistry] Registered: 'SCROLL_TO'
2026-04-16 09:33:50.944 | DEBUG    | core.keywords.keyword_registry:register:55 - [KeywordRegistry] Registered: 'SELECT'
2026-04-16 09:33:50.945 | DEBUG    | core.keywords.keyword_registry:register:55 - [KeywordRegistry] Registered: 'SLEEP'
2026-04-16 09:33:50.945 | DEBUG    | core.keywords.keyword_registry:register:55 - [KeywordRegistry] Registered: 'SWITCH_DEFAULT'
2026-04-16 09:33:50.945 | DEBUG    | core.keywords.keyword_registry:register:55 - [KeywordRegistry] Registered: 'SWITCH_FRAME'
2026-04-16 09:33:50.946 | DEBUG    | core.keywords.keyword_registry:register:55 - [KeywordRegistry] Registered: 'TYPE'
2026-04-16 09:33:50.947 | DEBUG    | core.keywords.keyword_registry:register:55 - [KeywordRegistry] Registered: 'VERIFY_URL'
2026-04-16 09:33:50.948 | DEBUG    | core.keywords.keyword_registry:register:55 - [KeywordRegistry] Registered: 'WAIT_FOR'
2026-04-16 09:33:50.948 | INFO     | core.keywords.keyword_registry:_auto_discover:48 - [KeywordRegistry] Registered 20 keywords: ['ASSERT_TEXT', 'ASSERT_URL', 'ASSERT_VISIBLE', 'CLEAR', 'CLICK', 'CLOSE_BROWSER', 'GET_TEXT', 'HANDLE_CAPTCHA', 'HANDLE_OTP', 'HOVER', 'NAVIGATE', 'SCREENSHOT', 'SCROLL_TO', 'SELECT', 'SLEEP', 'SWITCH_DEFAULT', 'SWITCH_FRAME', 'TYPE', 'VERIFY_URL', 'WAIT_FOR']
2026-04-16 09:33:50.949 | INFO     | core.keywords.keyword_executor:run:97 - 
============================================================
2026-04-16 09:33:50.949 | INFO     | core.keywords.keyword_executor:run:98 -   Running: TC002 - Example_Title_Test
2026-04-16 09:33:50.949 | INFO     | core.keywords.keyword_executor:run:99 - ============================================================
2026-04-16 09:33:50.950 | DEBUG    | core.keywords.keyword_executor:_execute_step:136 -   Step 01 | NAVIGATE | params={'locator': '', 'strategy': 'css', 'value': 'https://example.com', 'timeout': 10, 'data_source': '', 'description': ''}
2026-04-16 09:33:50.950 | DEBUG    | core.drivers.playwright_driver:navigate:66 - [PlaywrightDriver] Navigate -> https://example.com
2026-04-16 09:33:50.935 | ERROR    | core.keywords.keyword_executor:_execute_step:172 - Unexpected error in step 1 [NAVIGATE]: [KeywordRegistry] Unknown keyword: 'NAVIGATE'. Available: []
Traceback (most recent call last):

  File "C:\Program Files\WindowsApps\PythonSoftwareFoundation.Python.3.13_3.13.3312.0_x64__qbz5n2kfra8p0\Lib\threading.py", line 1015, in _bootstrap
    self._bootstrap_inner()
  File "C:\Program Files\WindowsApps\PythonSoftwareFoundation.Python.3.13_3.13.3312.0_x64__qbz5n2kfra8p0\Lib\threading.py", line 1044, in _bootstrap_inner
    self.run()
  File "C:\Program Files\WindowsApps\PythonSoftwareFoundation.Python.3.13_3.13.3312.0_x64__qbz5n2kfra8p0\Lib\threading.py", line 995, in run
    self._target(*self._args, **self._kwargs)
  File "C:\Program Files\WindowsApps\PythonSoftwareFoundation.Python.3.13_3.13.3312.0_x64__qbz5n2kfra8p0\Lib\concurrent\futures\thread.py", line 93, in _worker
    work_item.run()
  File "C:\Program Files\WindowsApps\PythonSoftwareFoundation.Python.3.13_3.13.3312.0_x64__qbz5n2kfra8p0\Lib\concurrent\futures\thread.py", line 59, in run
    result = self.fn(*self.args, **self.kwargs)

  File "E:\kwaf_phase1 (1)\kwaf\core\flow\flow_executor.py", line 95, in _run_single
    result = executor.run(test_case)

  File "E:\kwaf_phase1 (1)\kwaf\core\keywords\keyword_executor.py", line 111, in run
    step_result = self._execute_step(step)

> File "E:\kwaf_phase1 (1)\kwaf\core\keywords\keyword_executor.py", line 145, in _execute_step
    keyword = self.registry.get(keyword_name)

  File "E:\kwaf_phase1 (1)\kwaf\core\keywords\keyword_registry.py", line 61, in get
    raise ValueError(

ValueError: [KeywordRegistry] Unknown keyword: 'NAVIGATE'. Available: []
2026-04-16 09:33:50.985 | DEBUG    | core.drivers.playwright_driver:navigate:66 - [PlaywrightDriver] Navigate -> https://www.google.com
2026-04-16 09:33:53.965 | DEBUG    | core.flow.flow_context:set:34 - [FlowContext] Set 'current_url' = 'https://example.com/'
2026-04-16 09:33:53.965 | INFO     | core.keywords.keyword_executor:_execute_step:158 -   [OK] Step 01 [NAVIGATE] - Navigated to: https://example.com
2026-04-16 09:33:53.966 | DEBUG    | core.keywords.keyword_executor:_execute_step:136 -   Step 02 | ASSERT_TEXT | params={'locator': 'h1', 'strategy': 'css', 'value': 'Example Domain', 'timeout': 5, 'data_source': '', 'description': ''}
2026-04-16 09:33:54.114 | INFO     | core.keywords.keyword_executor:_execute_step:158 -   [OK] Step 02 [ASSERT_TEXT] - ASSERT_TEXT passed. Expected='Example Domain' in Actual='Example Domain'
2026-04-16 09:33:54.114 | DEBUG    | core.keywords.keyword_executor:_execute_step:136 -   Step 03 | ASSERT_URL | params={'locator': '', 'strategy': 'css', 'value': 'example.com', 'timeout': 5, 'data_source': '', 'description': ''}
2026-04-16 09:33:54.114 | INFO     | core.keywords.keyword_executor:_execute_step:158 -   [OK] Step 03 [ASSERT_URL] - URL contains 'example.com'. Current: https://example.com/
2026-04-16 09:33:54.115 | DEBUG    | core.keywords.keyword_executor:_execute_step:136 -   Step 04 | SCREENSHOT | params={'locator': '', 'strategy': 'css', 'value': 'example_result.png', 'timeout': 5, 'data_source': '', 'description': ''}
2026-04-16 09:33:54.254 | INFO     | core.drivers.playwright_driver:screenshot:130 - [PlaywrightDriver] Screenshot -> assets/screenshots\example_result.png
2026-04-16 09:33:54.254 | INFO     | core.keywords.keyword_executor:_execute_step:158 -   [OK] Step 04 [SCREENSHOT] - Screenshot saved: assets/screenshots\example_result.png
2026-04-16 09:33:54.254 | SUCCESS  | core.keywords.keyword_executor:run:124 -   PASSED: TC002 (3.31s)
2026-04-16 09:33:54.363 | INFO     | core.drivers.playwright_driver:quit:53 - [PlaywrightDriver] Browser closed.
2026-04-16 09:33:54.364 | INFO     | __main__:_run_parallel:160 - [Parallel] TC002: PASSED (3.31s)
2026-04-16 09:33:55.303 | DEBUG    | core.flow.flow_context:set:34 - [FlowContext] Set 'current_url' = 'https://www.google.com/'
2026-04-16 09:33:55.303 | INFO     | core.keywords.keyword_executor:_execute_step:158 -   [OK] Step 01 [NAVIGATE] - Navigated to: https://www.google.com
2026-04-16 09:33:55.303 | DEBUG    | core.keywords.keyword_executor:_execute_step:136 -   Step 02 | WAIT_FOR | params={'locator': 'input[name=q]', 'strategy': 'css', 'value': '', 'timeout': 10, 'data_source': '', 'description': ''}
2026-04-16 09:34:05.351 | ERROR    | core.keywords.base_keyword:_fail:49 - [WAIT_FOR] FAIL - Wait timeout (10s) for [css] input[name=q]: Locator.wait_for: Timeout 10000ms exceeded.
Call log:
  - waiting for locator("input[name=q]").first to be visible

2026-04-16 09:34:05.455 | INFO     | core.drivers.playwright_driver:screenshot:130 - [PlaywrightDriver] Screenshot -> assets/screenshots\FAIL_02_WAIT_FOR_20260416_093405.png
2026-04-16 09:34:05.455 | WARNING  | core.keywords.keyword_executor:_execute_step:154 -   Step 2 failed — retry 1/1
2026-04-16 09:34:15.465 | ERROR    | core.keywords.base_keyword:_fail:49 - [WAIT_FOR] FAIL - Wait timeout (10s) for [css] input[name=q]: Locator.wait_for: Timeout 10000ms exceeded.
Call log:
  - waiting for locator("input[name=q]").first to be visible

2026-04-16 09:34:15.558 | INFO     | core.drivers.playwright_driver:screenshot:130 - [PlaywrightDriver] Screenshot -> assets/screenshots\FAIL_02_WAIT_FOR_20260416_093415.png
2026-04-16 09:34:15.558 | INFO     | core.keywords.keyword_executor:_execute_step:158 -   [FAIL] Step 02 [WAIT_FOR] - Wait timeout (10s) for [css] input[name=q]: Locator.wait_for: Timeout 10000ms exceeded.
Call log:
  - waiting for locator("input[name=q]").first to be visible

2026-04-16 09:34:15.559 | DEBUG    | core.keywords.keyword_executor:_execute_step:136 -   Step 03 | TYPE | params={'locator': 'input[name=q]', 'strategy': 'css', 'value': 'KWAF automation', 'timeout': 5, 'data_source': '', 'description': ''}
2026-04-16 09:34:45.585 | ERROR    | core.keywords.base_keyword:_fail:49 - [TYPE] FAIL - Type failed on [css] input[name=q]: Locator.clear: Timeout 30000ms exceeded.
Call log:
  - waiting for locator("input[name=q]").first

2026-04-16 09:34:45.670 | INFO     | core.drivers.playwright_driver:screenshot:130 - [PlaywrightDriver] Screenshot -> assets/screenshots\FAIL_03_TYPE_20260416_093445.png
2026-04-16 09:34:45.670 | WARNING  | core.keywords.keyword_executor:_execute_step:154 -   Step 3 failed — retry 1/1
2026-04-16 09:35:15.681 | ERROR    | core.keywords.base_keyword:_fail:49 - [TYPE] FAIL - Type failed on [css] input[name=q]: Locator.clear: Timeout 30000ms exceeded.
Call log:
  - waiting for locator("input[name=q]").first

2026-04-16 09:35:15.796 | INFO     | core.drivers.playwright_driver:screenshot:130 - [PlaywrightDriver] Screenshot -> assets/screenshots\FAIL_03_TYPE_20260416_093515.png
2026-04-16 09:35:15.796 | INFO     | core.keywords.keyword_executor:_execute_step:158 -   [FAIL] Step 03 [TYPE] - Type failed on [css] input[name=q]: Locator.clear: Timeout 30000ms exceeded.
Call log:
  - waiting for locator("input[name=q]").first

2026-04-16 09:35:15.796 | DEBUG    | core.keywords.keyword_executor:_execute_step:136 -   Step 04 | SCREENSHOT | params={'locator': '', 'strategy': 'css', 'value': 'google_typed.png', 'timeout': 5, 'data_source': '', 'description': ''}
2026-04-16 09:35:15.890 | INFO     | core.drivers.playwright_driver:screenshot:130 - [PlaywrightDriver] Screenshot -> assets/screenshots\google_typed.png
2026-04-16 09:35:15.890 | INFO     | core.keywords.keyword_executor:_execute_step:158 -   [OK] Step 04 [SCREENSHOT] - Screenshot saved: assets/screenshots\google_typed.png
2026-04-16 09:35:15.890 | DEBUG    | core.keywords.keyword_executor:_execute_step:136 -   Step 05 | ASSERT_VISIBLE | params={'locator': 'input[name=q]', 'strategy': 'css', 'value': '', 'timeout': 5, 'data_source': '', 'description': ''}
2026-04-16 09:35:20.900 | ERROR    | core.keywords.base_keyword:_fail:49 - [ASSERT_VISIBLE] FAIL - Element NOT visible: [css] input[name=q]: Locator.wait_for: Timeout 5000ms exceeded.
Call log:
  - waiting for locator("input[name=q]").first to be visible

2026-04-16 09:35:21.022 | INFO     | core.drivers.playwright_driver:screenshot:130 - [PlaywrightDriver] Screenshot -> assets/screenshots\FAIL_05_ASSERT_VISIBLE_20260416_093520.png
2026-04-16 09:35:21.023 | WARNING  | core.keywords.keyword_executor:_execute_step:154 -   Step 5 failed — retry 1/1
2026-04-16 09:35:26.033 | ERROR    | core.keywords.base_keyword:_fail:49 - [ASSERT_VISIBLE] FAIL - Element NOT visible: [css] input[name=q]: Locator.wait_for: Timeout 5000ms exceeded.
Call log:
  - waiting for locator("input[name=q]").first to be visible

2026-04-16 09:35:26.140 | INFO     | core.drivers.playwright_driver:screenshot:130 - [PlaywrightDriver] Screenshot -> assets/screenshots\FAIL_05_ASSERT_VISIBLE_20260416_093526.png
2026-04-16 09:35:26.140 | INFO     | core.keywords.keyword_executor:_execute_step:158 -   [FAIL] Step 05 [ASSERT_VISIBLE] - Element NOT visible: [css] input[name=q]: Locator.wait_for: Timeout 5000ms exceeded.
Call log:
  - waiting for locator("input[name=q]").first to be visible

2026-04-16 09:35:26.141 | ERROR    | core.keywords.keyword_executor:run:126 -   FAILED: TC001 (95.21s)
2026-04-16 09:35:26.240 | INFO     | core.drivers.playwright_driver:quit:53 - [PlaywrightDriver] Browser closed.
2026-04-16 09:35:26.241 | INFO     | __main__:_run_parallel:160 - [Parallel] TC001: FAILED (95.21s)
2026-04-16 09:35:26.244 | INFO     | core.flow.flow_executor:_print_summary:112 - 
############################################################
2026-04-16 09:35:26.245 | INFO     | core.flow.flow_executor:_print_summary:113 -   SUITE RESULT : Parallel Suite
2026-04-16 09:35:26.245 | INFO     | core.flow.flow_executor:_print_summary:114 -   Passed  : 1
2026-04-16 09:35:26.245 | INFO     | core.flow.flow_executor:_print_summary:115 -   Failed  : 1
2026-04-16 09:35:26.246 | INFO     | core.flow.flow_executor:_print_summary:116 -   Skipped : 0
2026-04-16 09:35:26.246 | INFO     | core.flow.flow_executor:_print_summary:117 -   Total   : 2
2026-04-16 09:35:26.246 | INFO     | core.flow.flow_executor:_print_summary:118 - ############################################################

2026-04-16 09:35:26.563 | SUCCESS  | core.reports.html_reporter:generate:163 - [HtmlReporter] Report -> reports/output\report_Parallel_Suite_20260416_093526.html
